  [1m[35m (0.2ms)[0m  [1m[34mSELECT sqlite_version(*)[0m
  ↳ bin/rails:9
  [1m[35m (6.4ms)[0m  [1m[35mCREATE TABLE "schema_migrations" ("version" varchar NOT NULL PRIMARY KEY)[0m
  ↳ bin/rails:9
  [1m[35m (2.1ms)[0m  [1m[35mCREATE TABLE "ar_internal_metadata" ("key" varchar NOT NULL PRIMARY KEY, "value" varchar, "created_at" datetime NOT NULL, "updated_at" datetime NOT NULL)[0m
  ↳ bin/rails:9
  [1m[35m (0.2ms)[0m  [1m[34mSELECT "schema_migrations"."version" FROM "schema_migrations" ORDER BY "schema_migrations"."version" ASC[0m
  ↳ bin/rails:9
Migrating to CreateDoctors (20180726065042)
  [1m[35m (0.1ms)[0m  [1m[36mbegin transaction[0m
  ↳ bin/rails:9
  [1m[35m (0.8ms)[0m  [1m[35mCREATE TABLE "doctors" ("id" integer PRIMARY KEY AUTOINCREMENT NOT NULL, "first_name" varchar, "last_name" varchar, "specialty" varchar, "postal_code" integer, "created_at" datetime NOT NULL, "updated_at" datetime NOT NULL)[0m
  ↳ db/migrate/20180726065042_create_doctors.rb:3
  [1m[36mActiveRecord::SchemaMigration Create (0.4ms)[0m  [1m[32mINSERT INTO "schema_migrations" ("version") VALUES (?)[0m  [["version", "20180726065042"]]
  ↳ bin/rails:9
  [1m[35m (1.6ms)[0m  [1m[36mcommit transaction[0m
  ↳ bin/rails:9
Migrating to CreatePatients (20180726082710)
  [1m[35m (0.1ms)[0m  [1m[36mbegin transaction[0m
  ↳ bin/rails:9
  [1m[35m (0.6ms)[0m  [1m[35mCREATE TABLE "patients" ("id" integer PRIMARY KEY AUTOINCREMENT NOT NULL, "first_name" varchar, "last_name" varchar, "created_at" datetime NOT NULL, "updated_at" datetime NOT NULL)[0m
  ↳ db/migrate/20180726082710_create_patients.rb:3
  [1m[36mActiveRecord::SchemaMigration Create (0.3ms)[0m  [1m[32mINSERT INTO "schema_migrations" ("version") VALUES (?)[0m  [["version", "20180726082710"]]
  ↳ bin/rails:9
  [1m[35m (1.6ms)[0m  [1m[36mcommit transaction[0m
  ↳ bin/rails:9
Migrating to CreateAppointments (20180726083015)
  [1m[35m (0.1ms)[0m  [1m[36mbegin transaction[0m
  ↳ bin/rails:9
  [1m[35m (0.1ms)[0m  [1m[31mrollback transaction[0m
  ↳ bin/rails:9
  [1m[35m (0.3ms)[0m  [1m[34mSELECT "schema_migrations"."version" FROM "schema_migrations" ORDER BY "schema_migrations"."version" ASC[0m
  ↳ bin/rails:9
Migrating to CreateAppointments (20180726083015)
  [1m[35m (0.1ms)[0m  [1m[36mbegin transaction[0m
  ↳ bin/rails:9
  [1m[35m (0.2ms)[0m  [1m[34mSELECT sqlite_version(*)[0m
  ↳ db/migrate/20180726083015_create_appointments.rb:3
  [1m[35m (1.2ms)[0m  [1m[35mCREATE TABLE "appointments" ("id" integer PRIMARY KEY AUTOINCREMENT NOT NULL, "date" datetime, "patient_id" integer, "doctor_id" integer, "created_at" datetime NOT NULL, "updated_at" datetime NOT NULL)[0m
  ↳ db/migrate/20180726083015_create_appointments.rb:3
  [1m[35m (0.2ms)[0m  [1m[35mCREATE  INDEX "index_appointments_on_patient_id" ON "appointments" ("patient_id")[0m
  ↳ db/migrate/20180726083015_create_appointments.rb:3
  [1m[35m (0.2ms)[0m  [1m[35mCREATE  INDEX "index_appointments_on_doctor_id" ON "appointments" ("doctor_id")[0m
  ↳ db/migrate/20180726083015_create_appointments.rb:3
  [1m[36mActiveRecord::SchemaMigration Create (0.3ms)[0m  [1m[32mINSERT INTO "schema_migrations" ("version") VALUES (?)[0m  [["version", "20180726083015"]]
  ↳ bin/rails:9
  [1m[35m (1.6ms)[0m  [1m[36mcommit transaction[0m
  ↳ bin/rails:9
  [1m[36mActiveRecord::InternalMetadata Load (0.4ms)[0m  [1m[34mSELECT  "ar_internal_metadata".* FROM "ar_internal_metadata" WHERE "ar_internal_metadata"."key" = ? LIMIT ?[0m  [["key", "environment"], ["LIMIT", 1]]
  ↳ bin/rails:9
  [1m[35m (0.1ms)[0m  [1m[36mbegin transaction[0m
  ↳ bin/rails:9
  [1m[36mActiveRecord::InternalMetadata Create (0.8ms)[0m  [1m[32mINSERT INTO "ar_internal_metadata" ("key", "value", "created_at", "updated_at") VALUES (?, ?, ?, ?)[0m  [["key", "environment"], ["value", "development"], ["created_at", "2018-07-26 08:34:14.496022"], ["updated_at", "2018-07-26 08:34:14.496022"]]
  ↳ bin/rails:9
  [1m[35m (1.6ms)[0m  [1m[36mcommit transaction[0m
  ↳ bin/rails:9
  [1m[35m (0.3ms)[0m  [1m[34mSELECT "schema_migrations"."version" FROM "schema_migrations" ORDER BY "schema_migrations"."version" ASC[0m
  ↳ bin/rails:9
  [1m[35m (0.5ms)[0m  [1m[34mSELECT "schema_migrations"."version" FROM "schema_migrations" ORDER BY "schema_migrations"."version" ASC[0m
  ↳ bin/rails:9
  [1m[36mActiveRecord::InternalMetadata Load (1.2ms)[0m  [1m[34mSELECT  "ar_internal_metadata".* FROM "ar_internal_metadata" WHERE "ar_internal_metadata"."key" = ? LIMIT ?[0m  [["key", "environment"], ["LIMIT", 1]]
  ↳ bin/rails:9
  [1m[35m (0.1ms)[0m  [1m[36mbegin transaction[0m
  ↳ bin/rails:9
  [1m[35m (0.1ms)[0m  [1m[36mcommit transaction[0m
  ↳ bin/rails:9
  [1m[35m (0.1ms)[0m  [1m[34mSELECT "schema_migrations"."version" FROM "schema_migrations" ORDER BY "schema_migrations"."version" ASC[0m
  ↳ bin/rails:9
  [1m[35m (0.5ms)[0m  [1m[34mSELECT "schema_migrations"."version" FROM "schema_migrations" ORDER BY "schema_migrations"."version" ASC[0m
  ↳ bin/rails:9
  [1m[36mActiveRecord::InternalMetadata Load (1.2ms)[0m  [1m[34mSELECT  "ar_internal_metadata".* FROM "ar_internal_metadata" WHERE "ar_internal_metadata"."key" = ? LIMIT ?[0m  [["key", "environment"], ["LIMIT", 1]]
  ↳ bin/rails:9
  [1m[35m (0.1ms)[0m  [1m[36mbegin transaction[0m
  ↳ bin/rails:9
  [1m[35m (0.0ms)[0m  [1m[36mcommit transaction[0m
  ↳ bin/rails:9
  [1m[35m (0.1ms)[0m  [1m[34mSELECT "schema_migrations"."version" FROM "schema_migrations" ORDER BY "schema_migrations"."version" ASC[0m
  ↳ bin/rails:9
  [1m[35m (0.2ms)[0m  [1m[34mSELECT "schema_migrations"."version" FROM "schema_migrations" ORDER BY "schema_migrations"."version" ASC[0m
  ↳ bin/rails:9
  [1m[35m (0.1ms)[0m  [1m[36mbegin transaction[0m
  ↳ db/seeds.rb:5
  [1m[36mPatient Create (1.3ms)[0m  [1m[32mINSERT INTO "patients" ("first_name", "last_name", "created_at", "updated_at") VALUES (?, ?, ?, ?)[0m  [["first_name", "Teofila"], ["last_name", "Flatley"], ["created_at", "2018-07-26 08:52:34.946500"], ["updated_at", "2018-07-26 08:52:34.946500"]]
  ↳ db/seeds.rb:5
  [1m[35m (1.2ms)[0m  [1m[36mcommit transaction[0m
  ↳ db/seeds.rb:5
  [1m[35m (0.1ms)[0m  [1m[36mbegin transaction[0m
  ↳ db/seeds.rb:5
  [1m[36mPatient Create (0.6ms)[0m  [1m[32mINSERT INTO "patients" ("first_name", "last_name", "created_at", "updated_at") VALUES (?, ?, ?, ?)[0m  [["first_name", "Jacinda"], ["last_name", "Von"], ["created_at", "2018-07-26 08:52:34.951971"], ["updated_at", "2018-07-26 08:52:34.951971"]]
  ↳ db/seeds.rb:5
  [1m[35m (1.5ms)[0m  [1m[36mcommit transaction[0m
  ↳ db/seeds.rb:5
  [1m[35m (0.1ms)[0m  [1m[36mbegin transaction[0m
  ↳ db/seeds.rb:5
  [1m[36mPatient Create (0.7ms)[0m  [1m[32mINSERT INTO "patients" ("first_name", "last_name", "created_at", "updated_at") VALUES (?, ?, ?, ?)[0m  [["first_name", "Nichole"], ["last_name", "Donnelly"], ["created_at", "2018-07-26 08:52:34.957038"], ["updated_at", "2018-07-26 08:52:34.957038"]]
  ↳ db/seeds.rb:5
  [1m[35m (5.9ms)[0m  [1m[36mcommit transaction[0m
  ↳ db/seeds.rb:5
  [1m[35m (0.1ms)[0m  [1m[36mbegin transaction[0m
  ↳ db/seeds.rb:5
  [1m[36mPatient Create (0.6ms)[0m  [1m[32mINSERT INTO "patients" ("first_name", "last_name", "created_at", "updated_at") VALUES (?, ?, ?, ?)[0m  [["first_name", "Marielle"], ["last_name", "Champlin"], ["created_at", "2018-07-26 08:52:34.966749"], ["updated_at", "2018-07-26 08:52:34.966749"]]
  ↳ db/seeds.rb:5
  [1m[35m (1.3ms)[0m  [1m[36mcommit transaction[0m
  ↳ db/seeds.rb:5
  [1m[35m (0.1ms)[0m  [1m[36mbegin transaction[0m
  ↳ db/seeds.rb:5
  [1m[36mPatient Create (0.8ms)[0m  [1m[32mINSERT INTO "patients" ("first_name", "last_name", "created_at", "updated_at") VALUES (?, ?, ?, ?)[0m  [["first_name", "Emil"], ["last_name", "Toy"], ["created_at", "2018-07-26 08:52:34.970632"], ["updated_at", "2018-07-26 08:52:34.970632"]]
  ↳ db/seeds.rb:5
  [1m[35m (1.2ms)[0m  [1m[36mcommit transaction[0m
  ↳ db/seeds.rb:5
  [1m[35m (0.1ms)[0m  [1m[36mbegin transaction[0m
  ↳ db/seeds.rb:5
  [1m[36mPatient Create (0.5ms)[0m  [1m[32mINSERT INTO "patients" ("first_name", "last_name", "created_at", "updated_at") VALUES (?, ?, ?, ?)[0m  [["first_name", "Alexa"], ["last_name", "Hayes"], ["created_at", "2018-07-26 08:52:34.974802"], ["updated_at", "2018-07-26 08:52:34.974802"]]
  ↳ db/seeds.rb:5
  [1m[35m (1.2ms)[0m  [1m[36mcommit transaction[0m
  ↳ db/seeds.rb:5
  [1m[35m (0.1ms)[0m  [1m[36mbegin transaction[0m
  ↳ db/seeds.rb:5
  [1m[36mPatient Create (0.5ms)[0m  [1m[32mINSERT INTO "patients" ("first_name", "last_name", "created_at", "updated_at") VALUES (?, ?, ?, ?)[0m  [["first_name", "Chauncey"], ["last_name", "Hirthe"], ["created_at", "2018-07-26 08:52:34.978798"], ["updated_at", "2018-07-26 08:52:34.978798"]]
  ↳ db/seeds.rb:5
  [1m[35m (1.3ms)[0m  [1m[36mcommit transaction[0m
  ↳ db/seeds.rb:5
  [1m[35m (0.1ms)[0m  [1m[36mbegin transaction[0m
  ↳ db/seeds.rb:5
  [1m[36mPatient Create (0.5ms)[0m  [1m[32mINSERT INTO "patients" ("first_name", "last_name", "created_at", "updated_at") VALUES (?, ?, ?, ?)[0m  [["first_name", "Wiley"], ["last_name", "Kozey"], ["created_at", "2018-07-26 08:52:34.983090"], ["updated_at", "2018-07-26 08:52:34.983090"]]
  ↳ db/seeds.rb:5
  [1m[35m (1.2ms)[0m  [1m[36mcommit transaction[0m
  ↳ db/seeds.rb:5
  [1m[35m (0.1ms)[0m  [1m[36mbegin transaction[0m
  ↳ db/seeds.rb:5
  [1m[36mPatient Create (0.5ms)[0m  [1m[32mINSERT INTO "patients" ("first_name", "last_name", "created_at", "updated_at") VALUES (?, ?, ?, ?)[0m  [["first_name", "Man"], ["last_name", "Marvin"], ["created_at", "2018-07-26 08:52:34.987182"], ["updated_at", "2018-07-26 08:52:34.987182"]]
  ↳ db/seeds.rb:5
  [1m[35m (1.2ms)[0m  [1m[36mcommit transaction[0m
  ↳ db/seeds.rb:5
  [1m[35m (0.1ms)[0m  [1m[36mbegin transaction[0m
  ↳ db/seeds.rb:5
  [1m[36mPatient Create (0.7ms)[0m  [1m[32mINSERT INTO "patients" ("first_name", "last_name", "created_at", "updated_at") VALUES (?, ?, ?, ?)[0m  [["first_name", "Thad"], ["last_name", "Green"], ["created_at", "2018-07-26 08:52:34.991809"], ["updated_at", "2018-07-26 08:52:34.991809"]]
  ↳ db/seeds.rb:5
  [1m[35m (2.8ms)[0m  [1m[36mcommit transaction[0m
  ↳ db/seeds.rb:5
  [1m[35m (0.1ms)[0m  [1m[36mbegin transaction[0m
  ↳ db/seeds.rb:5
  [1m[36mPatient Create (0.6ms)[0m  [1m[32mINSERT INTO "patients" ("first_name", "last_name", "created_at", "updated_at") VALUES (?, ?, ?, ?)[0m  [["first_name", "Eilene"], ["last_name", "Jast"], ["created_at", "2018-07-26 08:52:34.998771"], ["updated_at", "2018-07-26 08:52:34.998771"]]
  ↳ db/seeds.rb:5
  [1m[35m (1.4ms)[0m  [1m[36mcommit transaction[0m
  ↳ db/seeds.rb:5
  [1m[35m (0.1ms)[0m  [1m[36mbegin transaction[0m
  ↳ db/seeds.rb:5
  [1m[36mPatient Create (0.8ms)[0m  [1m[32mINSERT INTO "patients" ("first_name", "last_name", "created_at", "updated_at") VALUES (?, ?, ?, ?)[0m  [["first_name", "Ellis"], ["last_name", "Ryan"], ["created_at", "2018-07-26 08:52:35.003602"], ["updated_at", "2018-07-26 08:52:35.003602"]]
  ↳ db/seeds.rb:5
  [1m[35m (1.7ms)[0m  [1m[36mcommit transaction[0m
  ↳ db/seeds.rb:5
  [1m[35m (0.1ms)[0m  [1m[36mbegin transaction[0m
  ↳ db/seeds.rb:5
  [1m[36mPatient Create (0.8ms)[0m  [1m[32mINSERT INTO "patients" ("first_name", "last_name", "created_at", "updated_at") VALUES (?, ?, ?, ?)[0m  [["first_name", "Candida"], ["last_name", "Hyatt"], ["created_at", "2018-07-26 08:52:35.009818"], ["updated_at", "2018-07-26 08:52:35.009818"]]
  ↳ db/seeds.rb:5
  [1m[35m (1.2ms)[0m  [1m[36mcommit transaction[0m
  ↳ db/seeds.rb:5
  [1m[35m (0.1ms)[0m  [1m[36mbegin transaction[0m
  ↳ db/seeds.rb:5
  [1m[36mPatient Create (0.7ms)[0m  [1m[32mINSERT INTO "patients" ("first_name", "last_name", "created_at", "updated_at") VALUES (?, ?, ?, ?)[0m  [["first_name", "Golden"], ["last_name", "Hegmann"], ["created_at", "2018-07-26 08:52:35.015198"], ["updated_at", "2018-07-26 08:52:35.015198"]]
  ↳ db/seeds.rb:5
  [1m[35m (1.3ms)[0m  [1m[36mcommit transaction[0m
  ↳ db/seeds.rb:5
  [1m[35m (0.1ms)[0m  [1m[36mbegin transaction[0m
  ↳ db/seeds.rb:5
  [1m[36mPatient Create (0.5ms)[0m  [1m[32mINSERT INTO "patients" ("first_name", "last_name", "created_at", "updated_at") VALUES (?, ?, ?, ?)[0m  [["first_name", "Guadalupe"], ["last_name", "Wiza"], ["created_at", "2018-07-26 08:52:35.019814"], ["updated_at", "2018-07-26 08:52:35.019814"]]
  ↳ db/seeds.rb:5
  [1m[35m (1.2ms)[0m  [1m[36mcommit transaction[0m
  ↳ db/seeds.rb:5
  [1m[35m (0.1ms)[0m  [1m[36mbegin transaction[0m
  ↳ db/seeds.rb:5
  [1m[36mPatient Create (0.6ms)[0m  [1m[32mINSERT INTO "patients" ("first_name", "last_name", "created_at", "updated_at") VALUES (?, ?, ?, ?)[0m  [["first_name", "Giovanni"], ["last_name", "Kub"], ["created_at", "2018-07-26 08:52:35.023955"], ["updated_at", "2018-07-26 08:52:35.023955"]]
  ↳ db/seeds.rb:5
  [1m[35m (1.2ms)[0m  [1m[36mcommit transaction[0m
  ↳ db/seeds.rb:5
  [1m[35m (0.1ms)[0m  [1m[36mbegin transaction[0m
  ↳ db/seeds.rb:5
  [1m[36mPatient Create (0.5ms)[0m  [1m[32mINSERT INTO "patients" ("first_name", "last_name", "created_at", "updated_at") VALUES (?, ?, ?, ?)[0m  [["first_name", "Ahmed"], ["last_name", "Lockman"], ["created_at", "2018-07-26 08:52:35.028319"], ["updated_at", "2018-07-26 08:52:35.028319"]]
  ↳ db/seeds.rb:5
  [1m[35m (1.2ms)[0m  [1m[36mcommit transaction[0m
  ↳ db/seeds.rb:5
  [1m[35m (0.1ms)[0m  [1m[36mbegin transaction[0m
  ↳ db/seeds.rb:5
  [1m[36mPatient Create (0.5ms)[0m  [1m[32mINSERT INTO "patients" ("first_name", "last_name", "created_at", "updated_at") VALUES (?, ?, ?, ?)[0m  [["first_name", "Bill"], ["last_name", "Fisher"], ["created_at", "2018-07-26 08:52:35.032826"], ["updated_at", "2018-07-26 08:52:35.032826"]]
  ↳ db/seeds.rb:5
  [1m[35m (1.3ms)[0m  [1m[36mcommit transaction[0m
  ↳ db/seeds.rb:5
  [1m[35m (0.1ms)[0m  [1m[36mbegin transaction[0m
  ↳ db/seeds.rb:5
  [1m[36mPatient Create (0.5ms)[0m  [1m[32mINSERT INTO "patients" ("first_name", "last_name", "created_at", "updated_at") VALUES (?, ?, ?, ?)[0m  [["first_name", "Ocie"], ["last_name", "Parker"], ["created_at", "2018-07-26 08:52:35.037018"], ["updated_at", "2018-07-26 08:52:35.037018"]]
  ↳ db/seeds.rb:5
  [1m[35m (1.4ms)[0m  [1m[36mcommit transaction[0m
  ↳ db/seeds.rb:5
  [1m[35m (0.1ms)[0m  [1m[36mbegin transaction[0m
  ↳ db/seeds.rb:5
  [1m[36mPatient Create (0.5ms)[0m  [1m[32mINSERT INTO "patients" ("first_name", "last_name", "created_at", "updated_at") VALUES (?, ?, ?, ?)[0m  [["first_name", "Seth"], ["last_name", "Auer"], ["created_at", "2018-07-26 08:52:35.041234"], ["updated_at", "2018-07-26 08:52:35.041234"]]
  ↳ db/seeds.rb:5
  [1m[35m (1.3ms)[0m  [1m[36mcommit transaction[0m
  ↳ db/seeds.rb:5
  [1m[35m (0.1ms)[0m  [1m[36mbegin transaction[0m
  ↳ db/seeds.rb:9
  [1m[36mDoctor Create (5.3ms)[0m  [1m[32mINSERT INTO "doctors" ("first_name", "last_name", "specialty", "postal_code", "created_at", "updated_at") VALUES (?, ?, ?, ?, ?, ?)[0m  [["first_name", "Rheba"], ["last_name", "Parisian"], ["specialty", "Généraliste"], ["postal_code", 27183], ["created_at", "2018-07-26 08:52:35.058990"], ["updated_at", "2018-07-26 08:52:35.058990"]]
  ↳ db/seeds.rb:9
  [1m[35m (1.4ms)[0m  [1m[36mcommit transaction[0m
  ↳ db/seeds.rb:9
  [1m[35m (0.1ms)[0m  [1m[36mbegin transaction[0m
  ↳ db/seeds.rb:9
  [1m[36mDoctor Create (0.5ms)[0m  [1m[32mINSERT INTO "doctors" ("first_name", "last_name", "specialty", "postal_code", "created_at", "updated_at") VALUES (?, ?, ?, ?, ?, ?)[0m  [["first_name", "Kyle"], ["last_name", "Shields"], ["specialty", "Généraliste"], ["postal_code", 49387], ["created_at", "2018-07-26 08:52:35.069620"], ["updated_at", "2018-07-26 08:52:35.069620"]]
  ↳ db/seeds.rb:9
  [1m[35m (1.2ms)[0m  [1m[36mcommit transaction[0m
  ↳ db/seeds.rb:9
  [1m[35m (0.1ms)[0m  [1m[36mbegin transaction[0m
  ↳ db/seeds.rb:9
  [1m[36mDoctor Create (0.5ms)[0m  [1m[32mINSERT INTO "doctors" ("first_name", "last_name", "specialty", "postal_code", "created_at", "updated_at") VALUES (?, ?, ?, ?, ?, ?)[0m  [["first_name", "Bret"], ["last_name", "Daniel"], ["specialty", "Généraliste"], ["postal_code", 64696], ["created_at", "2018-07-26 08:52:35.074350"], ["updated_at", "2018-07-26 08:52:35.074350"]]
  ↳ db/seeds.rb:9
  [1m[35m (1.4ms)[0m  [1m[36mcommit transaction[0m
  ↳ db/seeds.rb:9
  [1m[35m (0.1ms)[0m  [1m[36mbegin transaction[0m
  ↳ db/seeds.rb:9
  [1m[36mDoctor Create (0.5ms)[0m  [1m[32mINSERT INTO "doctors" ("first_name", "last_name", "specialty", "postal_code", "created_at", "updated_at") VALUES (?, ?, ?, ?, ?, ?)[0m  [["first_name", "Shaneka"], ["last_name", "Rau"], ["specialty", "Généraliste"], ["postal_code", 54281], ["created_at", "2018-07-26 08:52:35.079481"], ["updated_at", "2018-07-26 08:52:35.079481"]]
  ↳ db/seeds.rb:9
  [1m[35m (1.5ms)[0m  [1m[36mcommit transaction[0m
  ↳ db/seeds.rb:9
  [1m[35m (0.1ms)[0m  [1m[36mbegin transaction[0m
  ↳ db/seeds.rb:9
  [1m[36mDoctor Create (0.5ms)[0m  [1m[32mINSERT INTO "doctors" ("first_name", "last_name", "specialty", "postal_code", "created_at", "updated_at") VALUES (?, ?, ?, ?, ?, ?)[0m  [["first_name", "Lavonne"], ["last_name", "Stark"], ["specialty", "Généraliste"], ["postal_code", 52009], ["created_at", "2018-07-26 08:52:35.084328"], ["updated_at", "2018-07-26 08:52:35.084328"]]
  ↳ db/seeds.rb:9
  [1m[35m (1.3ms)[0m  [1m[36mcommit transaction[0m
  ↳ db/seeds.rb:9
  [1m[35m (0.1ms)[0m  [1m[36mbegin transaction[0m
  ↳ db/seeds.rb:14
  [1m[36mDoctor Load (0.4ms)[0m  [1m[34mSELECT  "doctors".* FROM "doctors" WHERE "doctors"."id" = ? LIMIT ?[0m  [["id", 2], ["LIMIT", 1]]
  ↳ db/seeds.rb:14
  [1m[36mPatient Load (0.2ms)[0m  [1m[34mSELECT  "patients".* FROM "patients" WHERE "patients"."id" = ? LIMIT ?[0m  [["id", 3], ["LIMIT", 1]]
  ↳ db/seeds.rb:14
  [1m[36mAppointment Create (2.6ms)[0m  [1m[32mINSERT INTO "appointments" ("date", "patient_id", "doctor_id", "created_at", "updated_at") VALUES (?, ?, ?, ?, ?)[0m  [["date", "2018-07-26 00:00:00"], ["patient_id", 3], ["doctor_id", 2], ["created_at", "2018-07-26 08:52:35.140685"], ["updated_at", "2018-07-26 08:52:35.140685"]]
  ↳ db/seeds.rb:14
  [1m[35m (1.4ms)[0m  [1m[36mcommit transaction[0m
  ↳ db/seeds.rb:14
  [1m[35m (0.1ms)[0m  [1m[36mbegin transaction[0m
  ↳ db/seeds.rb:14
  [1m[36mDoctor Load (0.2ms)[0m  [1m[34mSELECT  "doctors".* FROM "doctors" WHERE "doctors"."id" = ? LIMIT ?[0m  [["id", 1], ["LIMIT", 1]]
  ↳ db/seeds.rb:14
  [1m[36mPatient Load (0.1ms)[0m  [1m[34mSELECT  "patients".* FROM "patients" WHERE "patients"."id" = ? LIMIT ?[0m  [["id", 20], ["LIMIT", 1]]
  ↳ db/seeds.rb:14
  [1m[36mAppointment Create (0.5ms)[0m  [1m[32mINSERT INTO "appointments" ("date", "patient_id", "doctor_id", "created_at", "updated_at") VALUES (?, ?, ?, ?, ?)[0m  [["date", "2018-07-24 00:00:00"], ["patient_id", 20], ["doctor_id", 1], ["created_at", "2018-07-26 08:52:35.149541"], ["updated_at", "2018-07-26 08:52:35.149541"]]
  ↳ db/seeds.rb:14
  [1m[35m (1.2ms)[0m  [1m[36mcommit transaction[0m
  ↳ db/seeds.rb:14
  [1m[35m (0.1ms)[0m  [1m[36mbegin transaction[0m
  ↳ db/seeds.rb:14
  [1m[36mDoctor Load (0.3ms)[0m  [1m[34mSELECT  "doctors".* FROM "doctors" WHERE "doctors"."id" = ? LIMIT ?[0m  [["id", 4], ["LIMIT", 1]]
  ↳ db/seeds.rb:14
  [1m[36mPatient Load (0.1ms)[0m  [1m[34mSELECT  "patients".* FROM "patients" WHERE "patients"."id" = ? LIMIT ?[0m  [["id", 9], ["LIMIT", 1]]
  ↳ db/seeds.rb:14
  [1m[36mAppointment Create (0.9ms)[0m  [1m[32mINSERT INTO "appointments" ("date", "patient_id", "doctor_id", "created_at", "updated_at") VALUES (?, ?, ?, ?, ?)[0m  [["date", "2018-07-25 00:00:00"], ["patient_id", 9], ["doctor_id", 4], ["created_at", "2018-07-26 08:52:35.156480"], ["updated_at", "2018-07-26 08:52:35.156480"]]
  ↳ db/seeds.rb:14
  [1m[35m (1.3ms)[0m  [1m[36mcommit transaction[0m
  ↳ db/seeds.rb:14
  [1m[35m (0.1ms)[0m  [1m[36mbegin transaction[0m
  ↳ db/seeds.rb:14
  [1m[36mDoctor Load (0.2ms)[0m  [1m[34mSELECT  "doctors".* FROM "doctors" WHERE "doctors"."id" = ? LIMIT ?[0m  [["id", 3], ["LIMIT", 1]]
  ↳ db/seeds.rb:14
  [1m[36mPatient Load (0.1ms)[0m  [1m[34mSELECT  "patients".* FROM "patients" WHERE "patients"."id" = ? LIMIT ?[0m  [["id", 5], ["LIMIT", 1]]
  ↳ db/seeds.rb:14
  [1m[36mAppointment Create (0.7ms)[0m  [1m[32mINSERT INTO "appointments" ("date", "patient_id", "doctor_id", "created_at", "updated_at") VALUES (?, ?, ?, ?, ?)[0m  [["date", "2018-07-26 00:00:00"], ["patient_id", 5], ["doctor_id", 3], ["created_at", "2018-07-26 08:52:35.167843"], ["updated_at", "2018-07-26 08:52:35.167843"]]
  ↳ db/seeds.rb:14
  [1m[35m (1.2ms)[0m  [1m[36mcommit transaction[0m
  ↳ db/seeds.rb:14
  [1m[35m (0.1ms)[0m  [1m[36mbegin transaction[0m
  ↳ db/seeds.rb:14
  [1m[36mDoctor Load (0.1ms)[0m  [1m[34mSELECT  "doctors".* FROM "doctors" WHERE "doctors"."id" = ? LIMIT ?[0m  [["id", 4], ["LIMIT", 1]]
  ↳ db/seeds.rb:14
  [1m[36mPatient Load (0.1ms)[0m  [1m[34mSELECT  "patients".* FROM "patients" WHERE "patients"."id" = ? LIMIT ?[0m  [["id", 9], ["LIMIT", 1]]
  ↳ db/seeds.rb:14
  [1m[36mAppointment Create (0.5ms)[0m  [1m[32mINSERT INTO "appointments" ("date", "patient_id", "doctor_id", "created_at", "updated_at") VALUES (?, ?, ?, ?, ?)[0m  [["date", "2018-07-26 00:00:00"], ["patient_id", 9], ["doctor_id", 4], ["created_at", "2018-07-26 08:52:35.173468"], ["updated_at", "2018-07-26 08:52:35.173468"]]
  ↳ db/seeds.rb:14
  [1m[35m (1.2ms)[0m  [1m[36mcommit transaction[0m
  ↳ db/seeds.rb:14
  [1m[35m (0.1ms)[0m  [1m[36mbegin transaction[0m
  ↳ db/seeds.rb:14
  [1m[36mDoctor Load (0.1ms)[0m  [1m[34mSELECT  "doctors".* FROM "doctors" WHERE "doctors"."id" = ? LIMIT ?[0m  [["id", 4], ["LIMIT", 1]]
  ↳ db/seeds.rb:14
  [1m[36mPatient Load (0.1ms)[0m  [1m[34mSELECT  "patients".* FROM "patients" WHERE "patients"."id" = ? LIMIT ?[0m  [["id", 15], ["LIMIT", 1]]
  ↳ db/seeds.rb:14
  [1m[36mAppointment Create (0.5ms)[0m  [1m[32mINSERT INTO "appointments" ("date", "patient_id", "doctor_id", "created_at", "updated_at") VALUES (?, ?, ?, ?, ?)[0m  [["date", "2018-07-24 00:00:00"], ["patient_id", 15], ["doctor_id", 4], ["created_at", "2018-07-26 08:52:35.178713"], ["updated_at", "2018-07-26 08:52:35.178713"]]
  ↳ db/seeds.rb:14
  [1m[35m (1.2ms)[0m  [1m[36mcommit transaction[0m
  ↳ db/seeds.rb:14
  [1m[35m (0.1ms)[0m  [1m[36mbegin transaction[0m
  ↳ db/seeds.rb:14
  [1m[36mDoctor Load (0.2ms)[0m  [1m[34mSELECT  "doctors".* FROM "doctors" WHERE "doctors"."id" = ? LIMIT ?[0m  [["id", 2], ["LIMIT", 1]]
  ↳ db/seeds.rb:14
  [1m[36mPatient Load (0.1ms)[0m  [1m[34mSELECT  "patients".* FROM "patients" WHERE "patients"."id" = ? LIMIT ?[0m  [["id", 18], ["LIMIT", 1]]
  ↳ db/seeds.rb:14
  [1m[36mAppointment Create (0.5ms)[0m  [1m[32mINSERT INTO "appointments" ("date", "patient_id", "doctor_id", "created_at", "updated_at") VALUES (?, ?, ?, ?, ?)[0m  [["date", "2018-07-25 00:00:00"], ["patient_id", 18], ["doctor_id", 2], ["created_at", "2018-07-26 08:52:35.184988"], ["updated_at", "2018-07-26 08:52:35.184988"]]
  ↳ db/seeds.rb:14
  [1m[35m (1.1ms)[0m  [1m[36mcommit transaction[0m
  ↳ db/seeds.rb:14
  [1m[35m (0.1ms)[0m  [1m[36mbegin transaction[0m
  ↳ db/seeds.rb:14
  [1m[36mDoctor Load (0.2ms)[0m  [1m[34mSELECT  "doctors".* FROM "doctors" WHERE "doctors"."id" = ? LIMIT ?[0m  [["id", 5], ["LIMIT", 1]]
  ↳ db/seeds.rb:14
  [1m[36mPatient Load (0.1ms)[0m  [1m[34mSELECT  "patients".* FROM "patients" WHERE "patients"."id" = ? LIMIT ?[0m  [["id", 1], ["LIMIT", 1]]
  ↳ db/seeds.rb:14
  [1m[36mAppointment Create (1.0ms)[0m  [1m[32mINSERT INTO "appointments" ("date", "patient_id", "doctor_id", "created_at", "updated_at") VALUES (?, ?, ?, ?, ?)[0m  [["date", "2018-07-25 00:00:00"], ["patient_id", 1], ["doctor_id", 5], ["created_at", "2018-07-26 08:52:35.190579"], ["updated_at", "2018-07-26 08:52:35.190579"]]
  ↳ db/seeds.rb:14
  [1m[35m (1.5ms)[0m  [1m[36mcommit transaction[0m
  ↳ db/seeds.rb:14
  [1m[35m (0.1ms)[0m  [1m[36mbegin transaction[0m
  ↳ db/seeds.rb:14
  [1m[36mDoctor Load (0.2ms)[0m  [1m[34mSELECT  "doctors".* FROM "doctors" WHERE "doctors"."id" = ? LIMIT ?[0m  [["id", 5], ["LIMIT", 1]]
  ↳ db/seeds.rb:14
  [1m[36mPatient Load (0.1ms)[0m  [1m[34mSELECT  "patients".* FROM "patients" WHERE "patients"."id" = ? LIMIT ?[0m  [["id", 2], ["LIMIT", 1]]
  ↳ db/seeds.rb:14
  [1m[36mAppointment Create (0.6ms)[0m  [1m[32mINSERT INTO "appointments" ("date", "patient_id", "doctor_id", "created_at", "updated_at") VALUES (?, ?, ?, ?, ?)[0m  [["date", "2018-07-25 00:00:00"], ["patient_id", 2], ["doctor_id", 5], ["created_at", "2018-07-26 08:52:35.199007"], ["updated_at", "2018-07-26 08:52:35.199007"]]
  ↳ db/seeds.rb:14
  [1m[35m (1.2ms)[0m  [1m[36mcommit transaction[0m
  ↳ db/seeds.rb:14
  [1m[35m (0.1ms)[0m  [1m[36mbegin transaction[0m
  ↳ db/seeds.rb:14
  [1m[36mDoctor Load (0.2ms)[0m  [1m[34mSELECT  "doctors".* FROM "doctors" WHERE "doctors"."id" = ? LIMIT ?[0m  [["id", 4], ["LIMIT", 1]]
  ↳ db/seeds.rb:14
  [1m[36mPatient Load (0.1ms)[0m  [1m[34mSELECT  "patients".* FROM "patients" WHERE "patients"."id" = ? LIMIT ?[0m  [["id", 6], ["LIMIT", 1]]
  ↳ db/seeds.rb:14
  [1m[36mAppointment Create (0.9ms)[0m  [1m[32mINSERT INTO "appointments" ("date", "patient_id", "doctor_id", "created_at", "updated_at") VALUES (?, ?, ?, ?, ?)[0m  [["date", "2018-07-26 00:00:00"], ["patient_id", 6], ["doctor_id", 4], ["created_at", "2018-07-26 08:52:35.206176"], ["updated_at", "2018-07-26 08:52:35.206176"]]
  ↳ db/seeds.rb:14
  [1m[35m (1.6ms)[0m  [1m[36mcommit transaction[0m
  ↳ db/seeds.rb:14
  [1m[35m (0.1ms)[0m  [1m[36mbegin transaction[0m
  ↳ db/seeds.rb:14
  [1m[36mDoctor Load (0.3ms)[0m  [1m[34mSELECT  "doctors".* FROM "doctors" WHERE "doctors"."id" = ? LIMIT ?[0m  [["id", 3], ["LIMIT", 1]]
  ↳ db/seeds.rb:14
  [1m[36mPatient Load (0.1ms)[0m  [1m[34mSELECT  "patients".* FROM "patients" WHERE "patients"."id" = ? LIMIT ?[0m  [["id", 5], ["LIMIT", 1]]
  ↳ db/seeds.rb:14
  [1m[36mAppointment Create (0.6ms)[0m  [1m[32mINSERT INTO "appointments" ("date", "patient_id", "doctor_id", "created_at", "updated_at") VALUES (?, ?, ?, ?, ?)[0m  [["date", "2018-07-25 00:00:00"], ["patient_id", 5], ["doctor_id", 3], ["created_at", "2018-07-26 08:52:35.215572"], ["updated_at", "2018-07-26 08:52:35.215572"]]
  ↳ db/seeds.rb:14
  [1m[35m (1.3ms)[0m  [1m[36mcommit transaction[0m
  ↳ db/seeds.rb:14
  [1m[35m (0.1ms)[0m  [1m[36mbegin transaction[0m
  ↳ db/seeds.rb:14
  [1m[36mDoctor Load (0.1ms)[0m  [1m[34mSELECT  "doctors".* FROM "doctors" WHERE "doctors"."id" = ? LIMIT ?[0m  [["id", 5], ["LIMIT", 1]]
  ↳ db/seeds.rb:14
  [1m[36mPatient Load (0.1ms)[0m  [1m[34mSELECT  "patients".* FROM "patients" WHERE "patients"."id" = ? LIMIT ?[0m  [["id", 11], ["LIMIT", 1]]
  ↳ db/seeds.rb:14
  [1m[36mAppointment Create (0.5ms)[0m  [1m[32mINSERT INTO "appointments" ("date", "patient_id", "doctor_id", "created_at", "updated_at") VALUES (?, ?, ?, ?, ?)[0m  [["date", "2018-07-24 00:00:00"], ["patient_id", 11], ["doctor_id", 5], ["created_at", "2018-07-26 08:52:35.221634"], ["updated_at", "2018-07-26 08:52:35.221634"]]
  ↳ db/seeds.rb:14
  [1m[35m (1.6ms)[0m  [1m[36mcommit transaction[0m
  ↳ db/seeds.rb:14
  [1m[35m (0.1ms)[0m  [1m[36mbegin transaction[0m
  ↳ db/seeds.rb:14
  [1m[36mDoctor Load (0.2ms)[0m  [1m[34mSELECT  "doctors".* FROM "doctors" WHERE "doctors"."id" = ? LIMIT ?[0m  [["id", 5], ["LIMIT", 1]]
  ↳ db/seeds.rb:14
  [1m[36mPatient Load (0.1ms)[0m  [1m[34mSELECT  "patients".* FROM "patients" WHERE "patients"."id" = ? LIMIT ?[0m  [["id", 11], ["LIMIT", 1]]
  ↳ db/seeds.rb:14
  [1m[36mAppointment Create (0.7ms)[0m  [1m[32mINSERT INTO "appointments" ("date", "patient_id", "doctor_id", "created_at", "updated_at") VALUES (?, ?, ?, ?, ?)[0m  [["date", "2018-07-26 00:00:00"], ["patient_id", 11], ["doctor_id", 5], ["created_at", "2018-07-26 08:52:35.227806"], ["updated_at", "2018-07-26 08:52:35.227806"]]
  ↳ db/seeds.rb:14
  [1m[35m (1.1ms)[0m  [1m[36mcommit transaction[0m
  ↳ db/seeds.rb:14
  [1m[35m (0.1ms)[0m  [1m[36mbegin transaction[0m
  ↳ db/seeds.rb:14
  [1m[36mDoctor Load (0.1ms)[0m  [1m[34mSELECT  "doctors".* FROM "doctors" WHERE "doctors"."id" = ? LIMIT ?[0m  [["id", 1], ["LIMIT", 1]]
  ↳ db/seeds.rb:14
  [1m[36mPatient Load (0.1ms)[0m  [1m[34mSELECT  "patients".* FROM "patients" WHERE "patients"."id" = ? LIMIT ?[0m  [["id", 4], ["LIMIT", 1]]
  ↳ db/seeds.rb:14
  [1m[36mAppointment Create (0.5ms)[0m  [1m[32mINSERT INTO "appointments" ("date", "patient_id", "doctor_id", "created_at", "updated_at") VALUES (?, ?, ?, ?, ?)[0m  [["date", "2018-07-26 00:00:00"], ["patient_id", 4], ["doctor_id", 1], ["created_at", "2018-07-26 08:52:35.233304"], ["updated_at", "2018-07-26 08:52:35.233304"]]
  ↳ db/seeds.rb:14
  [1m[35m (1.3ms)[0m  [1m[36mcommit transaction[0m
  ↳ db/seeds.rb:14
  [1m[35m (0.1ms)[0m  [1m[36mbegin transaction[0m
  ↳ db/seeds.rb:14
  [1m[36mDoctor Load (0.1ms)[0m  [1m[34mSELECT  "doctors".* FROM "doctors" WHERE "doctors"."id" = ? LIMIT ?[0m  [["id", 5], ["LIMIT", 1]]
  ↳ db/seeds.rb:14
  [1m[36mPatient Load (0.1ms)[0m  [1m[34mSELECT  "patients".* FROM "patients" WHERE "patients"."id" = ? LIMIT ?[0m  [["id", 9], ["LIMIT", 1]]
  ↳ db/seeds.rb:14
  [1m[36mAppointment Create (0.5ms)[0m  [1m[32mINSERT INTO "appointments" ("date", "patient_id", "doctor_id", "created_at", "updated_at") VALUES (?, ?, ?, ?, ?)[0m  [["date", "2018-07-24 00:00:00"], ["patient_id", 9], ["doctor_id", 5], ["created_at", "2018-07-26 08:52:35.238749"], ["updated_at", "2018-07-26 08:52:35.238749"]]
  ↳ db/seeds.rb:14
  [1m[35m (1.6ms)[0m  [1m[36mcommit transaction[0m
  ↳ db/seeds.rb:14
  [1m[35m (0.1ms)[0m  [1m[36mbegin transaction[0m
  ↳ db/seeds.rb:14
  [1m[36mDoctor Load (0.2ms)[0m  [1m[34mSELECT  "doctors".* FROM "doctors" WHERE "doctors"."id" = ? LIMIT ?[0m  [["id", 3], ["LIMIT", 1]]
  ↳ db/seeds.rb:14
  [1m[36mPatient Load (0.1ms)[0m  [1m[34mSELECT  "patients".* FROM "patients" WHERE "patients"."id" = ? LIMIT ?[0m  [["id", 17], ["LIMIT", 1]]
  ↳ db/seeds.rb:14
  [1m[36mAppointment Create (0.5ms)[0m  [1m[32mINSERT INTO "appointments" ("date", "patient_id", "doctor_id", "created_at", "updated_at") VALUES (?, ?, ?, ?, ?)[0m  [["date", "2018-07-26 00:00:00"], ["patient_id", 17], ["doctor_id", 3], ["created_at", "2018-07-26 08:52:35.245043"], ["updated_at", "2018-07-26 08:52:35.245043"]]
  ↳ db/seeds.rb:14
  [1m[35m (1.2ms)[0m  [1m[36mcommit transaction[0m
  ↳ db/seeds.rb:14
  [1m[35m (0.1ms)[0m  [1m[36mbegin transaction[0m
  ↳ db/seeds.rb:14
  [1m[36mDoctor Load (0.1ms)[0m  [1m[34mSELECT  "doctors".* FROM "doctors" WHERE "doctors"."id" = ? LIMIT ?[0m  [["id", 5], ["LIMIT", 1]]
  ↳ db/seeds.rb:14
  [1m[36mPatient Load (0.1ms)[0m  [1m[34mSELECT  "patients".* FROM "patients" WHERE "patients"."id" = ? LIMIT ?[0m  [["id", 1], ["LIMIT", 1]]
  ↳ db/seeds.rb:14
  [1m[36mAppointment Create (0.5ms)[0m  [1m[32mINSERT INTO "appointments" ("date", "patient_id", "doctor_id", "created_at", "updated_at") VALUES (?, ?, ?, ?, ?)[0m  [["date", "2018-07-25 00:00:00"], ["patient_id", 1], ["doctor_id", 5], ["created_at", "2018-07-26 08:52:35.250484"], ["updated_at", "2018-07-26 08:52:35.250484"]]
  ↳ db/seeds.rb:14
  [1m[35m (1.2ms)[0m  [1m[36mcommit transaction[0m
  ↳ db/seeds.rb:14
  [1m[35m (0.1ms)[0m  [1m[36mbegin transaction[0m
  ↳ db/seeds.rb:14
  [1m[36mDoctor Load (0.2ms)[0m  [1m[34mSELECT  "doctors".* FROM "doctors" WHERE "doctors"."id" = ? LIMIT ?[0m  [["id", 5], ["LIMIT", 1]]
  ↳ db/seeds.rb:14
  [1m[36mPatient Load (0.1ms)[0m  [1m[34mSELECT  "patients".* FROM "patients" WHERE "patients"."id" = ? LIMIT ?[0m  [["id", 1], ["LIMIT", 1]]
  ↳ db/seeds.rb:14
  [1m[36mAppointment Create (0.8ms)[0m  [1m[32mINSERT INTO "appointments" ("date", "patient_id", "doctor_id", "created_at", "updated_at") VALUES (?, ?, ?, ?, ?)[0m  [["date", "2018-07-26 00:00:00"], ["patient_id", 1], ["doctor_id", 5], ["created_at", "2018-07-26 08:52:35.257472"], ["updated_at", "2018-07-26 08:52:35.257472"]]
  ↳ db/seeds.rb:14
  [1m[35m (1.5ms)[0m  [1m[36mcommit transaction[0m
  ↳ db/seeds.rb:14
  [1m[35m (0.1ms)[0m  [1m[36mbegin transaction[0m
  ↳ db/seeds.rb:14
  [1m[36mDoctor Load (0.1ms)[0m  [1m[34mSELECT  "doctors".* FROM "doctors" WHERE "doctors"."id" = ? LIMIT ?[0m  [["id", 2], ["LIMIT", 1]]
  ↳ db/seeds.rb:14
  [1m[36mPatient Load (0.1ms)[0m  [1m[34mSELECT  "patients".* FROM "patients" WHERE "patients"."id" = ? LIMIT ?[0m  [["id", 13], ["LIMIT", 1]]
  ↳ db/seeds.rb:14
  [1m[36mAppointment Create (0.5ms)[0m  [1m[32mINSERT INTO "appointments" ("date", "patient_id", "doctor_id", "created_at", "updated_at") VALUES (?, ?, ?, ?, ?)[0m  [["date", "2018-07-24 00:00:00"], ["patient_id", 13], ["doctor_id", 2], ["created_at", "2018-07-26 08:52:35.268787"], ["updated_at", "2018-07-26 08:52:35.268787"]]
  ↳ db/seeds.rb:14
  [1m[35m (1.2ms)[0m  [1m[36mcommit transaction[0m
  ↳ db/seeds.rb:14
  [1m[35m (0.1ms)[0m  [1m[36mbegin transaction[0m
  ↳ db/seeds.rb:14
  [1m[36mDoctor Load (0.1ms)[0m  [1m[34mSELECT  "doctors".* FROM "doctors" WHERE "doctors"."id" = ? LIMIT ?[0m  [["id", 4], ["LIMIT", 1]]
  ↳ db/seeds.rb:14
  [1m[36mPatient Load (0.1ms)[0m  [1m[34mSELECT  "patients".* FROM "patients" WHERE "patients"."id" = ? LIMIT ?[0m  [["id", 20], ["LIMIT", 1]]
  ↳ db/seeds.rb:14
  [1m[36mAppointment Create (0.5ms)[0m  [1m[32mINSERT INTO "appointments" ("date", "patient_id", "doctor_id", "created_at", "updated_at") VALUES (?, ?, ?, ?, ?)[0m  [["date", "2018-07-26 00:00:00"], ["patient_id", 20], ["doctor_id", 4], ["created_at", "2018-07-26 08:52:35.274295"], ["updated_at", "2018-07-26 08:52:35.274295"]]
  ↳ db/seeds.rb:14
  [1m[35m (1.2ms)[0m  [1m[36mcommit transaction[0m
  ↳ db/seeds.rb:14
  [1m[35m (0.1ms)[0m  [1m[36mbegin transaction[0m
  ↳ db/seeds.rb:14
  [1m[36mDoctor Load (0.1ms)[0m  [1m[34mSELECT  "doctors".* FROM "doctors" WHERE "doctors"."id" = ? LIMIT ?[0m  [["id", 2], ["LIMIT", 1]]
  ↳ db/seeds.rb:14
  [1m[36mPatient Load (0.1ms)[0m  [1m[34mSELECT  "patients".* FROM "patients" WHERE "patients"."id" = ? LIMIT ?[0m  [["id", 15], ["LIMIT", 1]]
  ↳ db/seeds.rb:14
  [1m[36mAppointment Create (0.8ms)[0m  [1m[32mINSERT INTO "appointments" ("date", "patient_id", "doctor_id", "created_at", "updated_at") VALUES (?, ?, ?, ?, ?)[0m  [["date", "2018-07-25 00:00:00"], ["patient_id", 15], ["doctor_id", 2], ["created_at", "2018-07-26 08:52:35.279577"], ["updated_at", "2018-07-26 08:52:35.279577"]]
  ↳ db/seeds.rb:14
  [1m[35m (1.2ms)[0m  [1m[36mcommit transaction[0m
  ↳ db/seeds.rb:14
  [1m[35m (0.1ms)[0m  [1m[36mbegin transaction[0m
  ↳ db/seeds.rb:14
  [1m[36mDoctor Load (0.1ms)[0m  [1m[34mSELECT  "doctors".* FROM "doctors" WHERE "doctors"."id" = ? LIMIT ?[0m  [["id", 4], ["LIMIT", 1]]
  ↳ db/seeds.rb:14
  [1m[36mPatient Load (0.1ms)[0m  [1m[34mSELECT  "patients".* FROM "patients" WHERE "patients"."id" = ? LIMIT ?[0m  [["id", 7], ["LIMIT", 1]]
  ↳ db/seeds.rb:14
  [1m[36mAppointment Create (0.5ms)[0m  [1m[32mINSERT INTO "appointments" ("date", "patient_id", "doctor_id", "created_at", "updated_at") VALUES (?, ?, ?, ?, ?)[0m  [["date", "2018-07-24 00:00:00"], ["patient_id", 7], ["doctor_id", 4], ["created_at", "2018-07-26 08:52:35.285160"], ["updated_at", "2018-07-26 08:52:35.285160"]]
  ↳ db/seeds.rb:14
  [1m[35m (1.1ms)[0m  [1m[36mcommit transaction[0m
  ↳ db/seeds.rb:14
  [1m[35m (0.1ms)[0m  [1m[36mbegin transaction[0m
  ↳ db/seeds.rb:14
  [1m[36mDoctor Load (0.2ms)[0m  [1m[34mSELECT  "doctors".* FROM "doctors" WHERE "doctors"."id" = ? LIMIT ?[0m  [["id", 1], ["LIMIT", 1]]
  ↳ db/seeds.rb:14
  [1m[36mPatient Load (0.1ms)[0m  [1m[34mSELECT  "patients".* FROM "patients" WHERE "patients"."id" = ? LIMIT ?[0m  [["id", 12], ["LIMIT", 1]]
  ↳ db/seeds.rb:14
  [1m[36mAppointment Create (0.8ms)[0m  [1m[32mINSERT INTO "appointments" ("date", "patient_id", "doctor_id", "created_at", "updated_at") VALUES (?, ?, ?, ?, ?)[0m  [["date", "2018-07-26 00:00:00"], ["patient_id", 12], ["doctor_id", 1], ["created_at", "2018-07-26 08:52:35.291142"], ["updated_at", "2018-07-26 08:52:35.291142"]]
  ↳ db/seeds.rb:14
  [1m[35m (1.5ms)[0m  [1m[36mcommit transaction[0m
  ↳ db/seeds.rb:14
  [1m[35m (0.1ms)[0m  [1m[36mbegin transaction[0m
  ↳ db/seeds.rb:14
  [1m[36mDoctor Load (0.2ms)[0m  [1m[34mSELECT  "doctors".* FROM "doctors" WHERE "doctors"."id" = ? LIMIT ?[0m  [["id", 1], ["LIMIT", 1]]
  ↳ db/seeds.rb:14
  [1m[36mPatient Load (0.1ms)[0m  [1m[34mSELECT  "patients".* FROM "patients" WHERE "patients"."id" = ? LIMIT ?[0m  [["id", 6], ["LIMIT", 1]]
  ↳ db/seeds.rb:14
  [1m[36mAppointment Create (0.6ms)[0m  [1m[32mINSERT INTO "appointments" ("date", "patient_id", "doctor_id", "created_at", "updated_at") VALUES (?, ?, ?, ?, ?)[0m  [["date", "2018-07-26 00:00:00"], ["patient_id", 6], ["doctor_id", 1], ["created_at", "2018-07-26 08:52:35.300014"], ["updated_at", "2018-07-26 08:52:35.300014"]]
  ↳ db/seeds.rb:14
  [1m[35m (1.2ms)[0m  [1m[36mcommit transaction[0m
  ↳ db/seeds.rb:14
  [1m[35m (0.1ms)[0m  [1m[36mbegin transaction[0m
  ↳ db/seeds.rb:14
  [1m[36mDoctor Load (0.2ms)[0m  [1m[34mSELECT  "doctors".* FROM "doctors" WHERE "doctors"."id" = ? LIMIT ?[0m  [["id", 3], ["LIMIT", 1]]
  ↳ db/seeds.rb:14
  [1m[36mPatient Load (0.1ms)[0m  [1m[34mSELECT  "patients".* FROM "patients" WHERE "patients"."id" = ? LIMIT ?[0m  [["id", 9], ["LIMIT", 1]]
  ↳ db/seeds.rb:14
  [1m[36mAppointment Create (0.8ms)[0m  [1m[32mINSERT INTO "appointments" ("date", "patient_id", "doctor_id", "created_at", "updated_at") VALUES (?, ?, ?, ?, ?)[0m  [["date", "2018-07-26 00:00:00"], ["patient_id", 9], ["doctor_id", 3], ["created_at", "2018-07-26 08:52:35.307394"], ["updated_at", "2018-07-26 08:52:35.307394"]]
  ↳ db/seeds.rb:14
  [1m[35m (1.4ms)[0m  [1m[36mcommit transaction[0m
  ↳ db/seeds.rb:14
  [1m[35m (0.1ms)[0m  [1m[36mbegin transaction[0m
  ↳ db/seeds.rb:14
  [1m[36mDoctor Load (0.3ms)[0m  [1m[34mSELECT  "doctors".* FROM "doctors" WHERE "doctors"."id" = ? LIMIT ?[0m  [["id", 2], ["LIMIT", 1]]
  ↳ db/seeds.rb:14
  [1m[36mPatient Load (0.1ms)[0m  [1m[34mSELECT  "patients".* FROM "patients" WHERE "patients"."id" = ? LIMIT ?[0m  [["id", 16], ["LIMIT", 1]]
  ↳ db/seeds.rb:14
  [1m[36mAppointment Create (0.7ms)[0m  [1m[32mINSERT INTO "appointments" ("date", "patient_id", "doctor_id", "created_at", "updated_at") VALUES (?, ?, ?, ?, ?)[0m  [["date", "2018-07-24 00:00:00"], ["patient_id", 16], ["doctor_id", 2], ["created_at", "2018-07-26 08:52:35.315866"], ["updated_at", "2018-07-26 08:52:35.315866"]]
  ↳ db/seeds.rb:14
  [1m[35m (1.5ms)[0m  [1m[36mcommit transaction[0m
  ↳ db/seeds.rb:14
  [1m[35m (0.1ms)[0m  [1m[36mbegin transaction[0m
  ↳ db/seeds.rb:14
  [1m[36mDoctor Load (0.2ms)[0m  [1m[34mSELECT  "doctors".* FROM "doctors" WHERE "doctors"."id" = ? LIMIT ?[0m  [["id", 5], ["LIMIT", 1]]
  ↳ db/seeds.rb:14
  [1m[36mPatient Load (0.1ms)[0m  [1m[34mSELECT  "patients".* FROM "patients" WHERE "patients"."id" = ? LIMIT ?[0m  [["id", 15], ["LIMIT", 1]]
  ↳ db/seeds.rb:14
  [1m[36mAppointment Create (0.7ms)[0m  [1m[32mINSERT INTO "appointments" ("date", "patient_id", "doctor_id", "created_at", "updated_at") VALUES (?, ?, ?, ?, ?)[0m  [["date", "2018-07-25 00:00:00"], ["patient_id", 15], ["doctor_id", 5], ["created_at", "2018-07-26 08:52:35.322959"], ["updated_at", "2018-07-26 08:52:35.322959"]]
  ↳ db/seeds.rb:14
  [1m[35m (1.3ms)[0m  [1m[36mcommit transaction[0m
  ↳ db/seeds.rb:14
  [1m[35m (0.1ms)[0m  [1m[36mbegin transaction[0m
  ↳ db/seeds.rb:14
  [1m[36mDoctor Load (0.1ms)[0m  [1m[34mSELECT  "doctors".* FROM "doctors" WHERE "doctors"."id" = ? LIMIT ?[0m  [["id", 5], ["LIMIT", 1]]
  ↳ db/seeds.rb:14
  [1m[36mPatient Load (0.1ms)[0m  [1m[34mSELECT  "patients".* FROM "patients" WHERE "patients"."id" = ? LIMIT ?[0m  [["id", 14], ["LIMIT", 1]]
  ↳ db/seeds.rb:14
  [1m[36mAppointment Create (0.7ms)[0m  [1m[32mINSERT INTO "appointments" ("date", "patient_id", "doctor_id", "created_at", "updated_at") VALUES (?, ?, ?, ?, ?)[0m  [["date", "2018-07-26 00:00:00"], ["patient_id", 14], ["doctor_id", 5], ["created_at", "2018-07-26 08:52:35.328634"], ["updated_at", "2018-07-26 08:52:35.328634"]]
  ↳ db/seeds.rb:14
  [1m[35m (1.3ms)[0m  [1m[36mcommit transaction[0m
  ↳ db/seeds.rb:14
  [1m[35m (0.1ms)[0m  [1m[36mbegin transaction[0m
  ↳ db/seeds.rb:14
  [1m[36mDoctor Load (0.2ms)[0m  [1m[34mSELECT  "doctors".* FROM "doctors" WHERE "doctors"."id" = ? LIMIT ?[0m  [["id", 3], ["LIMIT", 1]]
  ↳ db/seeds.rb:14
  [1m[36mPatient Load (0.1ms)[0m  [1m[34mSELECT  "patients".* FROM "patients" WHERE "patients"."id" = ? LIMIT ?[0m  [["id", 11], ["LIMIT", 1]]
  ↳ db/seeds.rb:14
  [1m[36mAppointment Create (0.5ms)[0m  [1m[32mINSERT INTO "appointments" ("date", "patient_id", "doctor_id", "created_at", "updated_at") VALUES (?, ?, ?, ?, ?)[0m  [["date", "2018-07-25 00:00:00"], ["patient_id", 11], ["doctor_id", 3], ["created_at", "2018-07-26 08:52:35.335022"], ["updated_at", "2018-07-26 08:52:35.335022"]]
  ↳ db/seeds.rb:14
  [1m[35m (1.1ms)[0m  [1m[36mcommit transaction[0m
  ↳ db/seeds.rb:14
  [1m[35m (0.1ms)[0m  [1m[36mbegin transaction[0m
  ↳ db/seeds.rb:14
  [1m[36mDoctor Load (0.2ms)[0m  [1m[34mSELECT  "doctors".* FROM "doctors" WHERE "doctors"."id" = ? LIMIT ?[0m  [["id", 1], ["LIMIT", 1]]
  ↳ db/seeds.rb:14
  [1m[36mPatient Load (0.1ms)[0m  [1m[34mSELECT  "patients".* FROM "patients" WHERE "patients"."id" = ? LIMIT ?[0m  [["id", 10], ["LIMIT", 1]]
  ↳ db/seeds.rb:14
  [1m[36mAppointment Create (0.8ms)[0m  [1m[32mINSERT INTO "appointments" ("date", "patient_id", "doctor_id", "created_at", "updated_at") VALUES (?, ?, ?, ?, ?)[0m  [["date", "2018-07-24 00:00:00"], ["patient_id", 10], ["doctor_id", 1], ["created_at", "2018-07-26 08:52:35.340680"], ["updated_at", "2018-07-26 08:52:35.340680"]]
  ↳ db/seeds.rb:14
  [1m[35m (1.2ms)[0m  [1m[36mcommit transaction[0m
  ↳ db/seeds.rb:14
  [1m[36mPatient Load (0.3ms)[0m  [1m[34mSELECT  "patients".* FROM "patients" WHERE "patients"."id" = ? LIMIT ?[0m  [["id", 4], ["LIMIT", 1]]
  [1m[36mDoctor Load (0.4ms)[0m  [1m[34mSELECT  "doctors".* FROM "doctors" INNER JOIN "appointments" ON "doctors"."id" = "appointments"."doctor_id" WHERE "appointments"."patient_id" = ? LIMIT ?[0m  [["patient_id", 4], ["LIMIT", 11]]
  [1m[36mAppointment Load (0.4ms)[0m  [1m[34mSELECT  "appointments".* FROM "appointments" WHERE "appointments"."patient_id" = ? LIMIT ?[0m  [["patient_id", 4], ["LIMIT", 11]]
  [1m[36mPatient Load (0.3ms)[0m  [1m[34mSELECT  "patients".* FROM "patients" WHERE "patients"."id" = ? LIMIT ?[0m  [["id", 5], ["LIMIT", 1]]
  [1m[36mDoctor Load (0.2ms)[0m  [1m[34mSELECT  "doctors".* FROM "doctors" INNER JOIN "appointments" ON "doctors"."id" = "appointments"."doctor_id" WHERE "appointments"."patient_id" = ? LIMIT ?[0m  [["patient_id", 5], ["LIMIT", 11]]
  [1m[36mAppointment Load (0.3ms)[0m  [1m[34mSELECT  "appointments".* FROM "appointments" WHERE "appointments"."patient_id" = ? LIMIT ?[0m  [["patient_id", 5], ["LIMIT", 11]]
  [1m[36mPatient Load (0.3ms)[0m  [1m[34mSELECT  "patients".* FROM "patients" WHERE "patients"."id" = ? LIMIT ?[0m  [["id", 9], ["LIMIT", 1]]
  [1m[36mAppointment Load (0.3ms)[0m  [1m[34mSELECT  "appointments".* FROM "appointments" WHERE "appointments"."patient_id" = ? LIMIT ?[0m  [["patient_id", 9], ["LIMIT", 11]]
  [1m[36mDoctor Load (0.3ms)[0m  [1m[34mSELECT  "doctors".* FROM "doctors" INNER JOIN "appointments" ON "doctors"."id" = "appointments"."doctor_id" WHERE "appointments"."patient_id" = ? LIMIT ?[0m  [["patient_id", 9], ["LIMIT", 11]]
